2023-10-01 17:47:26.206 [info] Log level: Info
2023-10-01 17:47:26.206 [info] Validating found git in: "git"
2023-10-01 17:47:26.206 [info] Using git "2.34.1" from "git"
2023-10-01 17:47:26.206 [info] > git rev-parse --show-toplevel [4ms]
2023-10-01 17:47:26.206 [info] fatal: not a git repository (or any of the parent directories): .git
2023-10-01 17:47:26.206 [info] > git rev-parse --show-toplevel [41ms]
2023-10-01 17:47:26.206 [info] fatal: not a git repository (or any of the parent directories): .git
2023-10-01 17:47:26.211 [info] > git rev-parse --show-toplevel [26ms]
2023-10-01 17:47:26.211 [info] fatal: not a git repository (or any of the parent directories): .git
2023-10-01 17:47:26.234 [info] > git rev-parse --show-toplevel [5ms]
2023-10-01 17:47:26.234 [info] fatal: not a git repository (or any of the parent directories): .git
2023-10-01 17:47:26.241 [info] > git rev-parse --show-toplevel [1ms]
2023-10-01 17:47:26.241 [info] fatal: not a git repository (or any of the parent directories): .git
2023-10-01 17:47:33.050 [info] > git rev-parse --show-toplevel [45ms]
2023-10-01 17:47:33.050 [info] fatal: not a git repository (or any of the parent directories): .git
2023-10-01 17:47:50.317 [info] > git rev-parse --show-toplevel [4ms]
2023-10-01 17:47:50.318 [info] fatal: not a git repository (or any of the parent directories): .git
2023-10-01 17:48:05.407 [info] > git rev-parse --show-toplevel [3ms]
2023-10-01 17:48:05.407 [info] fatal: not a git repository (or any of the parent directories): .git
2023-10-01 17:48:42.794 [info] > git rev-parse --show-toplevel [6ms]
2023-10-01 17:48:42.794 [info] fatal: not a git repository (or any of the parent directories): .git
2023-10-01 17:48:42.806 [info] > git rev-parse --show-toplevel [1ms]
2023-10-01 17:48:42.806 [info] fatal: not a git repository (or any of the parent directories): .git
2023-10-01 17:48:45.850 [info] > git rev-parse --show-toplevel [1ms]
2023-10-01 17:48:45.850 [info] fatal: not a git repository (or any of the parent directories): .git
2023-10-01 17:49:03.547 [info] > git rev-parse --show-toplevel [5ms]
2023-10-01 17:49:03.547 [info] fatal: not a git repository (or any of the parent directories): .git
2023-10-01 17:49:10.128 [info] > git rev-parse --show-toplevel [3ms]
2023-10-01 17:49:10.128 [info] fatal: not a git repository (or any of the parent directories): .git
