0 verbose cli [ '/usr/bin/node', '/usr/bin/npm', 'install', '-g', 'n' ]
1 info using npm@8.5.1
2 info using node@v12.22.9
3 timing npm:load:whichnode Completed in 0ms
4 timing config:load:defaults Completed in 4ms
5 timing config:load:file:/usr/share/nodejs/npm/npmrc Completed in 3ms
6 timing config:load:builtin Completed in 4ms
7 timing config:load:cli Completed in 3ms
8 timing config:load:env Completed in 1ms
9 timing config:load:project Completed in 1ms
10 timing config:load:file:/root/.npmrc Completed in 1ms
11 timing config:load:user Completed in 1ms
12 timing config:load:file:/etc/npmrc Completed in 0ms
13 timing config:load:global Completed in 0ms
14 timing config:load:validate Completed in 0ms
15 timing config:load:credentials Completed in 13ms
16 timing config:load:setEnvs Completed in 1ms
17 timing config:load Completed in 30ms
18 timing npm:load:configload Completed in 30ms
19 timing npm:load:setTitle Completed in 1ms
20 timing config:load:flatten Completed in 8ms
21 timing npm:load:display Completed in 10ms
22 verbose logfile /root/.npm/_logs/2023-10-05T18_26_33_968Z-debug-0.log
23 timing npm:load:logFile Completed in 12ms
24 timing npm:load:timers Completed in 0ms
25 timing npm:load:configScope Completed in 0ms
26 timing npm:load Completed in 55ms
27 timing arborist:ctor Completed in 2ms
28 timing idealTree:init Completed in 29ms
29 timing idealTree:userRequests Completed in 5ms
30 silly idealTree buildDeps
31 silly fetch manifest n@*
32 http fetch GET 200 https://registry.npmjs.org/n 2165ms (cache miss)
33 silly placeDep ROOT n@9.1.0 OK for:  want: *
34 timing idealTree:#root Completed in 2185ms
35 timing idealTree:node_modules/n Completed in 0ms
36 timing idealTree:buildDeps Completed in 2187ms
37 timing idealTree:fixDepFlags Completed in 1ms
38 timing idealTree Completed in 2225ms
39 timing reify:loadTrees Completed in 2228ms
40 timing reify:diffTrees Completed in 2ms
41 silly reify moves {}
42 timing reify:retireShallow Completed in 0ms
43 timing reify:createSparse Completed in 3ms
44 timing reify:loadBundles Completed in 0ms
45 silly audit bulk request { n: [ '9.1.0' ] }
46 silly tarball no local data for n@https://registry.npmjs.org/n/-/n-9.1.0.tgz. Extracting by manifest.
47 http fetch GET 200 https://registry.npmjs.org/n/-/n-9.1.0.tgz 147ms (cache miss)
48 timing reifyNode:node_modules/n Completed in 160ms
49 timing reify:unpack Completed in 161ms
50 timing reify:unretire Completed in 0ms
51 timing build:queue Completed in 2ms
52 timing build:link:node_modules/n Completed in 3ms
53 timing build:link Completed in 3ms
54 timing build:deps Completed in 5ms
55 timing build Completed in 5ms
56 timing reify:build Completed in 5ms
57 timing reify:trash Completed in 1ms
58 http fetch POST 200 https://registry.npmjs.org/-/npm/v1/security/advisories/bulk 385ms
59 timing auditReport:getReport Completed in 387ms
60 silly audit report {}
61 timing auditReport:init Completed in 0ms
62 timing reify:audit Completed in 389ms
63 timing reify Completed in 2687ms
64 silly ADD node_modules/n
65 timing command:install Completed in 2703ms
66 verbose exit 0
67 timing npm Completed in 3125ms
68 info ok
