2023-10-05 17:39:03.494 [info] Log level: Info
2023-10-05 17:39:03.494 [info] Validating found git in: "git"
2023-10-05 17:39:03.494 [info] Using git "2.34.1" from "git"
2023-10-05 17:39:03.494 [info] > git rev-parse --show-toplevel [14ms]
2023-10-05 17:39:03.497 [info] > git rev-parse --git-dir --git-common-dir [7ms]
2023-10-05 17:39:03.511 [info] Open repository: /root
2023-10-05 17:39:03.540 [info] > git rev-parse --show-toplevel [13ms]
2023-10-05 17:39:03.542 [info] > git config --get commit.template [21ms]
2023-10-05 17:39:03.565 [info] > git rev-parse --show-toplevel [11ms]
2023-10-05 17:39:03.571 [info] > git for-each-ref --format=%(refname)%00%(upstream:short)%00%(objectname)%00%(upstream:track)%00%(upstream:remotename)%00%(upstream:remoteref) refs/heads/master refs/remotes/master [12ms]
2023-10-05 17:39:03.580 [info] > git rev-parse --show-toplevel [9ms]
2023-10-05 17:39:03.586 [info] > git rev-parse --show-toplevel [1ms]
2023-10-05 17:39:03.591 [info] > git rev-parse --show-toplevel [1ms]
2023-10-05 17:39:03.599 [info] > git rev-parse --show-toplevel [1ms]
2023-10-05 17:39:03.604 [info] > git rev-parse --show-toplevel [1ms]
2023-10-05 17:39:03.869 [info] > git show --textconv :web.html [15ms]
2023-10-05 17:39:03.870 [info] > git ls-files --stage -- /root/web.html [3ms]
2023-10-05 17:39:03.882 [info] > git cat-file -s 7c5d0790e8cdd3c5efd034c62f05efdbccd3676e [5ms]
2023-10-05 17:39:04.012 [info] > git status -z -uall [435ms]
2023-10-05 17:39:04.143 [info] > git check-ignore -v -z --stdin [14ms]
2023-10-05 17:39:04.152 [info] > git config --get commit.template [11ms]
2023-10-05 17:39:04.891 [info] > git for-each-ref --format=%(refname)%00%(upstream:short)%00%(objectname)%00%(upstream:track)%00%(upstream:remotename)%00%(upstream:remoteref) refs/heads/master refs/remotes/master [28ms]
2023-10-05 17:39:04.974 [info] > git status -z -uall [70ms]
2023-10-05 17:39:15.049 [info] > git config --get commit.template [4ms]
2023-10-05 17:39:15.075 [info] > git for-each-ref --format=%(refname)%00%(upstream:short)%00%(objectname)%00%(upstream:track)%00%(upstream:remotename)%00%(upstream:remoteref) refs/heads/master refs/remotes/master [4ms]
2023-10-05 17:39:15.219 [info] > git status -z -uall [123ms]
2023-10-05 17:39:20.384 [info] > git config --get commit.template [2ms]
2023-10-05 17:39:20.398 [info] > git for-each-ref --format=%(refname)%00%(upstream:short)%00%(objectname)%00%(upstream:track)%00%(upstream:remotename)%00%(upstream:remoteref) refs/heads/master refs/remotes/master [2ms]
2023-10-05 17:39:20.439 [info] > git status -z -uall [33ms]
2023-10-05 17:39:30.848 [info] > git config --get commit.template [1ms]
2023-10-05 17:39:30.870 [info] > git for-each-ref --format=%(refname)%00%(upstream:short)%00%(objectname)%00%(upstream:track)%00%(upstream:remotename)%00%(upstream:remoteref) refs/heads/master refs/remotes/master [4ms]
2023-10-05 17:39:30.911 [info] > git status -z -uall [28ms]
2023-10-05 17:39:36.055 [info] > git config --get commit.template [19ms]
2023-10-05 17:39:36.056 [info] > git for-each-ref --format=%(refname)%00%(upstream:short)%00%(objectname)%00%(upstream:track)%00%(upstream:remotename)%00%(upstream:remoteref) refs/heads/master refs/remotes/master [6ms]
2023-10-05 17:39:36.118 [info] > git status -z -uall [47ms]
2023-10-05 17:39:42.239 [info] > git config --get commit.template [3ms]
2023-10-05 17:39:42.253 [info] > git for-each-ref --format=%(refname)%00%(upstream:short)%00%(objectname)%00%(upstream:track)%00%(upstream:remotename)%00%(upstream:remoteref) refs/heads/master refs/remotes/master [1ms]
2023-10-05 17:39:42.294 [info] > git status -z -uall [30ms]
2023-10-05 17:39:47.407 [info] > git config --get commit.template [1ms]
2023-10-05 17:39:47.416 [info] > git for-each-ref --format=%(refname)%00%(upstream:short)%00%(objectname)%00%(upstream:track)%00%(upstream:remotename)%00%(upstream:remoteref) refs/heads/master refs/remotes/master [1ms]
2023-10-05 17:39:47.453 [info] > git status -z -uall [29ms]
2023-10-05 17:39:58.978 [info] > git config --get commit.template [3ms]
2023-10-05 17:39:58.988 [info] > git for-each-ref --format=%(refname)%00%(upstream:short)%00%(objectname)%00%(upstream:track)%00%(upstream:remotename)%00%(upstream:remoteref) refs/heads/master refs/remotes/master [2ms]
2023-10-05 17:39:59.033 [info] > git status -z -uall [36ms]
2023-10-05 17:40:05.283 [info] > git config --get commit.template [2ms]
2023-10-05 17:40:05.298 [info] > git for-each-ref --format=%(refname)%00%(upstream:short)%00%(objectname)%00%(upstream:track)%00%(upstream:remotename)%00%(upstream:remoteref) refs/heads/master refs/remotes/master [2ms]
2023-10-05 17:40:05.332 [info] > git status -z -uall [26ms]
2023-10-05 17:40:10.462 [info] > git config --get commit.template [4ms]
2023-10-05 17:40:10.475 [info] > git for-each-ref --format=%(refname)%00%(upstream:short)%00%(objectname)%00%(upstream:track)%00%(upstream:remotename)%00%(upstream:remoteref) refs/heads/master refs/remotes/master [1ms]
2023-10-05 17:40:10.514 [info] > git status -z -uall [29ms]
2023-10-05 17:40:16.268 [info] > git config --get commit.template [10ms]
2023-10-05 17:40:16.269 [info] > git for-each-ref --format=%(refname)%00%(upstream:short)%00%(objectname)%00%(upstream:track)%00%(upstream:remotename)%00%(upstream:remoteref) refs/heads/master refs/remotes/master [2ms]
2023-10-05 17:40:16.302 [info] > git status -z -uall [26ms]
2023-10-05 17:40:21.403 [info] > git config --get commit.template [2ms]
2023-10-05 17:40:21.418 [info] > git for-each-ref --format=%(refname)%00%(upstream:short)%00%(objectname)%00%(upstream:track)%00%(upstream:remotename)%00%(upstream:remoteref) refs/heads/master refs/remotes/master [3ms]
2023-10-05 17:40:21.500 [info] > git status -z -uall [69ms]
