2023-10-01 17:08:11.529 [info] Log level: Info
2023-10-01 17:08:11.529 [info] Validating found git in: "git"
2023-10-01 17:08:11.529 [info] Using git "2.34.1" from "git"
2023-10-01 17:08:11.529 [info] > git rev-parse --show-toplevel [17ms]
2023-10-01 17:08:11.529 [info] fatal: not a git repository (or any of the parent directories): .git
2023-10-01 17:08:11.529 [info] > git rev-parse --show-toplevel [1ms]
2023-10-01 17:08:11.529 [info] fatal: not a git repository (or any of the parent directories): .git
2023-10-01 17:08:11.529 [info] > git rev-parse --show-toplevel [2ms]
2023-10-01 17:08:11.529 [info] fatal: not a git repository (or any of the parent directories): .git
2023-10-01 17:08:11.534 [info] > git rev-parse --show-toplevel [1ms]
2023-10-01 17:08:11.534 [info] fatal: not a git repository (or any of the parent directories): .git
2023-10-01 17:11:22.928 [info] > git rev-parse --show-toplevel [1ms]
2023-10-01 17:11:22.928 [info] fatal: not a git repository (or any of the parent directories): .git
2023-10-01 17:46:17.452 [info] > git rev-parse --show-toplevel [53ms]
2023-10-01 17:46:17.453 [info] fatal: not a git repository (or any of the parent directories): .git
2023-10-01 17:46:30.062 [info] > git rev-parse --show-toplevel [4ms]
2023-10-01 17:46:30.062 [info] fatal: not a git repository (or any of the parent directories): .git
2023-10-01 17:46:42.136 [info] > git rev-parse --show-toplevel [2ms]
2023-10-01 17:46:42.136 [info] fatal: not a git repository (or any of the parent directories): .git
2023-10-01 17:46:43.056 [info] > git rev-parse --show-toplevel [4ms]
2023-10-01 17:46:43.056 [info] fatal: not a git repository (or any of the parent directories): .git
2023-10-01 17:46:44.339 [info] > git rev-parse --show-toplevel [1ms]
2023-10-01 17:46:44.339 [info] fatal: not a git repository (or any of the parent directories): .git
2023-10-01 17:46:45.903 [info] > git rev-parse --show-toplevel [2ms]
2023-10-01 17:46:45.903 [info] fatal: not a git repository (or any of the parent directories): .git
2023-10-01 17:47:03.607 [info] > git rev-parse --show-toplevel [3ms]
2023-10-01 17:47:03.607 [info] fatal: not a git repository (or any of the parent directories): .git
